[debug] [2022-03-19T10:16:12.713Z] ----------------------------------------------------------------------
[debug] [2022-03-19T10:16:12.717Z] Command:       C:\Program Files\nodejs\node.exe C:\Users\shiuk\AppData\Local\Yarn\Data\global\node_modules\firebase-tools\lib\bin\firebase.js emulators:start --only functions,firestore,storage,auth
[debug] [2022-03-19T10:16:12.717Z] CLI Version:   10.4.0
[debug] [2022-03-19T10:16:12.718Z] Platform:      win32
[debug] [2022-03-19T10:16:12.718Z] Node Version:  v16.13.1
[debug] [2022-03-19T10:16:12.719Z] Time:          Sat Mar 19 2022 18:16:12 GMT+0800 (Hong Kong Standard Time)
[debug] [2022-03-19T10:16:12.719Z] ----------------------------------------------------------------------
[debug] 
[debug] [2022-03-19T10:16:12.789Z] > command requires scopes: ["email","openid","https://www.googleapis.com/auth/cloudplatformprojects.readonly","https://www.googleapis.com/auth/firebase","https://www.googleapis.com/auth/cloud-platform"]
[debug] [2022-03-19T10:16:12.789Z] > authorizing via signed-in user (shiukaheng@gmail.com)
[info] i  emulators: Starting emulators: auth, functions, firestore, storage {"metadata":{"emulator":{"name":"hub"},"message":"Starting emulators: auth, functions, firestore, storage"}}
[debug] [2022-03-19T10:16:12.822Z] [hub] writing locator at C:\Users\shiuk\AppData\Local\Temp\hub-the-lost-metropolis-prod-c48c6.json
[warn] !  functions: The following emulators are not running, calls to these services from the Functions emulator will affect production: database, hosting, pubsub {"metadata":{"emulator":{"name":"functions"},"message":"The following emulators are not running, calls to these services from the Functions emulator will affect production: \u001b[1mdatabase, hosting, pubsub\u001b[22m"}}
[info] +  functions: Using node@16 from host. {"metadata":{"emulator":{"name":"functions"},"message":"Using node@16 from host."}}
[debug] [2022-03-19T10:16:12.840Z] defaultcredentials: writing to file C:\Users\shiuk\AppData\Roaming\firebase\shiukaheng_gmail_com_application_default_credentials.json
[debug] [2022-03-19T10:16:12.841Z] Setting GAC to C:\Users\shiuk\AppData\Roaming\firebase\shiukaheng_gmail_com_application_default_credentials.json {"metadata":{"emulator":{"name":"functions"},"message":"Setting GAC to C:\\Users\\shiuk\\AppData\\Roaming\\firebase\\shiukaheng_gmail_com_application_default_credentials.json"}}
[debug] [2022-03-19T10:16:12.843Z] >>> [apiv2][query] GET https://firebase.googleapis.com/v1beta1/projects/the-lost-metropolis-prod-c48c6/adminSdkConfig [none]
[debug] [2022-03-19T10:16:13.149Z] <<< [apiv2][status] GET https://firebase.googleapis.com/v1beta1/projects/the-lost-metropolis-prod-c48c6/adminSdkConfig 200
[debug] [2022-03-19T10:16:13.149Z] <<< [apiv2][body] GET https://firebase.googleapis.com/v1beta1/projects/the-lost-metropolis-prod-c48c6/adminSdkConfig {"projectId":"the-lost-metropolis-prod-c48c6","storageBucket":"the-lost-metropolis-prod-c48c6.appspot.com","locationId":"asia-east1"}
[debug] [2022-03-19T10:16:13.165Z] Ignoring unsupported arg: projectId {"metadata":{"emulator":{"name":"firestore"},"message":"Ignoring unsupported arg: projectId"}}
[debug] [2022-03-19T10:16:13.166Z] Ignoring unsupported arg: auto_download {"metadata":{"emulator":{"name":"firestore"},"message":"Ignoring unsupported arg: auto_download"}}
[debug] [2022-03-19T10:16:13.166Z] Starting Firestore Emulator with command {"binary":"java","args":["-Dgoogle.cloud_firestore.debug_log_level=FINE","-Duser.language=en","-jar","C:\\Users\\shiuk\\.cache\\firebase\\emulators\\cloud-firestore-emulator-v1.13.1.jar","--host","localhost","--port",5377,"--rules","C:\\Users\\shiuk\\Documents\\GitHub\\the-lost-metropolis-draft\\firestore.rules","--functions_emulator","localhost:5333"],"optionalArgs":["port","webchannel_port","host","rules","functions_emulator","seed_from_export"],"joinArgs":false} {"metadata":{"emulator":{"name":"firestore"},"message":"Starting Firestore Emulator with command {\"binary\":\"java\",\"args\":[\"-Dgoogle.cloud_firestore.debug_log_level=FINE\",\"-Duser.language=en\",\"-jar\",\"C:\\\\Users\\\\shiuk\\\\.cache\\\\firebase\\\\emulators\\\\cloud-firestore-emulator-v1.13.1.jar\",\"--host\",\"localhost\",\"--port\",5377,\"--rules\",\"C:\\\\Users\\\\shiuk\\\\Documents\\\\GitHub\\\\the-lost-metropolis-draft\\\\firestore.rules\",\"--functions_emulator\",\"localhost:5333\"],\"optionalArgs\":[\"port\",\"webchannel_port\",\"host\",\"rules\",\"functions_emulator\",\"seed_from_export\"],\"joinArgs\":false}"}}
[info] i  firestore: Firestore Emulator logging to firestore-debug.log {"metadata":{"emulator":{"name":"firestore"},"message":"Firestore Emulator logging to \u001b[1mfirestore-debug.log\u001b[22m"}}
[debug] [2022-03-19T10:16:24.186Z] Ignoring unsupported arg: port {"metadata":{"emulator":{"name":"storage"},"message":"Ignoring unsupported arg: port"}}
[debug] [2022-03-19T10:16:25.079Z] Temp file directory for storage emulator: C:\Users\shiuk\AppData\Local\Temp/firebase/storage/blobs {"metadata":{"emulator":{"name":"storage"},"message":"Temp file directory for storage emulator: C:\\Users\\shiuk\\AppData\\Local\\Temp/firebase/storage/blobs"}}
[debug] [2022-03-19T10:16:25.094Z] Ignoring unsupported arg: auto_download {"metadata":{"emulator":{"name":"ui"},"message":"Ignoring unsupported arg: auto_download"}}
[debug] [2022-03-19T10:16:25.094Z] Ignoring unsupported arg: port {"metadata":{"emulator":{"name":"ui"},"message":"Ignoring unsupported arg: port"}}
[debug] [2022-03-19T10:16:25.094Z] Starting Emulator UI with command {"binary":"node","args":["C:\\Users\\shiuk\\.cache\\firebase\\emulators\\ui-v1.6.5\\server.bundle.js"],"optionalArgs":[],"joinArgs":false} {"metadata":{"emulator":{"name":"ui"},"message":"Starting Emulator UI with command {\"binary\":\"node\",\"args\":[\"C:\\\\Users\\\\shiuk\\\\.cache\\\\firebase\\\\emulators\\\\ui-v1.6.5\\\\server.bundle.js\"],\"optionalArgs\":[],\"joinArgs\":false}"}}
[info] i  ui: Emulator UI logging to ui-debug.log {"metadata":{"emulator":{"name":"ui"},"message":"Emulator UI logging to \u001b[1mui-debug.log\u001b[22m"}}
[debug] [2022-03-19T10:16:25.228Z] Web / API server started at localhost:4000
 {"metadata":{"emulator":{"name":"ui"},"message":"Web / API server started at localhost:4000\n"}}
[info] i  functions: Watching "C:\Users\shiuk\Documents\GitHub\the-lost-metropolis-draft\functions" for Cloud Functions... {"metadata":{"emulator":{"name":"functions"},"message":"Watching \"C:\\Users\\shiuk\\Documents\\GitHub\\the-lost-metropolis-draft\\functions\" for Cloud Functions..."}}
[debug] [2022-03-19T10:16:25.372Z] Validating nodejs source
[debug] [2022-03-19T10:16:28.634Z] > [functions] package.json contents: {
  "name": "functions",
  "scripts": {
    "build": "tsc",
    "watch": "tsc-watch",
    "serve": "npm run build && firebase emulators:start --only functions",
    "shell": "npm run build && firebase functions:shell",
    "start": "npm run shell",
    "deploy": "firebase deploy --only functions",
    "logs": "firebase functions:log"
  },
  "engines": {
    "node": "16"
  },
  "main": "./lib/functions/src/index.js",
  "dependencies": {
    "adm-zip": "^0.5.9",
    "firebase-admin": "^10.0.2",
    "firebase-functions": "^3.18.0",
    "tsc-watch": "^4.6.2",
    "unzipper": "^0.10.11",
    "uuid": "^8.3.2",
    "yup": "^0.32.11"
  },
  "devDependencies": {
    "@types/adm-zip": "^0.4.34",
    "firebase-functions-test": "^0.2.0",
    "typescript": "^4.5.4"
  },
  "private": true
}
[debug] [2022-03-19T10:16:28.635Z] Building nodejs source
[debug] [2022-03-19T10:16:28.635Z] Analyzing nodejs backend spec
[debug] [2022-03-19T10:16:29.011Z] addStorageTrigger {"eventTrigger":{"eventType":"google.storage.object.finalize","resource":"projects/_/buckets/the-lost-metropolis-prod-c48c6.appspot.com"}}
[info] +  functions[asia-east1-handleNewFile]: storage function initialized. {"metadata":{"emulator":{"name":"functions"},"message":"\u001b[1mstorage\u001b[22m function initialized."}}
[debug] [2022-03-19T10:16:29.012Z] addFirestoreTrigger "{\"eventTrigger\":{\"eventType\":\"providers/cloud.firestore/eventTypes/document.delete\",\"resource\":\"projects/the-lost-metropolis-prod-c48c6/databases/(default)/documents/posts/{postID}\",\"service\":\"firestore.googleapis.com\"}}"
[debug] [2022-03-19T10:16:29.013Z] >>> HTTP REQUEST PUT http://localhost:5377/emulator/v1/projects/the-lost-metropolis-prod-c48c6/triggers/asia-east1-handlePostDocumentDelete-0  
 {"eventTrigger":{"eventType":"providers/cloud.firestore/eventTypes/document.delete","resource":"projects/the-lost-metropolis-prod-c48c6/databases/(default)/documents/posts/{postID}","service":"firestore.googleapis.com"}}
[debug] [2022-03-19T10:16:29.864Z] <<< HTTP RESPONSE 200 {"content-type":"application/json","content-length":"4"}
[info] +  functions[asia-east1-handlePostDocumentDelete]: firestore function initialized. {"metadata":{"emulator":{"name":"functions"},"message":"\u001b[1mfirestore\u001b[22m function initialized."}}
[info] +  functions[asia-east1-cullUnreferencedAssets]: http function initialized (http://localhost:5333/the-lost-metropolis-prod-c48c6/asia-east1/cullUnreferencedAssets). {"metadata":{"emulator":{"name":"functions"},"message":"\u001b[1mhttp\u001b[22m function initialized (http://localhost:5333/the-lost-metropolis-prod-c48c6/asia-east1/cullUnreferencedAssets)."}}
[info] 
┌─────────────────────────────────────────────────────────────┐
│ ✔  All emulators ready! It is now safe to connect your app. │
│ i  View Emulator UI at http://localhost:4000                │
└─────────────────────────────────────────────────────────────┘

┌────────────────┬────────────────┬─────────────────────────────────┐
│ Emulator       │ Host:Port      │ View in Emulator UI             │
├────────────────┼────────────────┼─────────────────────────────────┤
│ Authentication │ localhost:5366 │ http://localhost:4000/auth      │
├────────────────┼────────────────┼─────────────────────────────────┤
│ Functions      │ localhost:5333 │ http://localhost:4000/functions │
├────────────────┼────────────────┼─────────────────────────────────┤
│ Firestore      │ localhost:5377 │ http://localhost:4000/firestore │
├────────────────┼────────────────┼─────────────────────────────────┤
│ Storage        │ localhost:5341 │ http://localhost:4000/storage   │
└────────────────┴────────────────┴─────────────────────────────────┘
  Emulator Hub running at localhost:4400
  Other reserved ports: 4500

Issues? Report them at https://github.com/firebase/firebase-tools/issues and attach the *-debug.log files.
 
